MisCuentas/build/intermediates/manifest_merge_blame_file/debug/manifest-merger-blame-debug-report.txt
1<?xml version="1.0" encoding="utf-8"?>
2<manifest xmlns:android="http://schemas.android.com/apk/res/android"
3    package="com.plcg.miscuentas"
4    android:versionCode="1"
5    android:versionName="1.0" >
6
7    <uses-sdk
7-->src\main\AndroidManifest.xml:7:5-9:41
8        android:minSdkVersion="11"
8-->src\main\AndroidManifest.xml:8:9-35
9        android:targetSdkVersion="18" />
9-->src\main\AndroidManifest.xml:9:9-38
10
11    <uses-permission android:name="android.permission.WRITE_EXTERNAL_STORAGE" />
11-->src\main\AndroidManifest.xml:10:5-80
11-->src\main\AndroidManifest.xml:10:22-78
12    <uses-permission android:name="android.permission.READ_EXTERNAL_STORAGE" />
12-->src\main\AndroidManifest.xml:11:5-79
12-->src\main\AndroidManifest.xml:11:22-77
13
14    <application
14-->src\main\AndroidManifest.xml:13:5-201:19
15        android:allowBackup="true"
15-->src\main\AndroidManifest.xml:14:9-35
16        android:debuggable="true"
17        android:icon="@drawable/ic_launcher"
17-->src\main\AndroidManifest.xml:15:9-45
18        android:label="@string/app_name"
18-->src\main\AndroidManifest.xml:16:9-41
19        android:testOnly="true"
20        android:theme="@style/AppTheme" >
20-->src\main\AndroidManifest.xml:17:9-40
21        <activity
21-->src\main\AndroidManifest.xml:18:9-26:20
22            android:name="com.plcg.miscuentas.MainActivity"
22-->src\main\AndroidManifest.xml:19:13-60
23            android:label="@string/app_name" >
23-->src\main\AndroidManifest.xml:20:13-45
24            <intent-filter>
24-->src\main\AndroidManifest.xml:21:13-25:29
25                <action android:name="android.intent.action.MAIN" />
25-->src\main\AndroidManifest.xml:22:17-69
25-->src\main\AndroidManifest.xml:22:25-66
26
27                <category android:name="android.intent.category.LAUNCHER" />
27-->src\main\AndroidManifest.xml:24:17-77
27-->src\main\AndroidManifest.xml:24:27-74
28            </intent-filter>
29        </activity>
30        <activity
30-->src\main\AndroidManifest.xml:27:9-36:20
31            android:name="com.plcg.miscuentas.NuevoGastoCorriente"
31-->src\main\AndroidManifest.xml:28:13-47
32            android:label="@string/nuevo_gasto_corriente"
32-->src\main\AndroidManifest.xml:29:13-58
33            android:theme="@android:style/Theme.Dialog" >
33-->src\main\AndroidManifest.xml:30:13-56
34            <intent-filter>
34-->src\main\AndroidManifest.xml:31:13-35:29
35                <action android:name="com.plcg.NuevoGastoCorriente" />
35-->src\main\AndroidManifest.xml:32:17-71
35-->src\main\AndroidManifest.xml:32:25-68
36
37                <category android:name="android.intent.category.DEFAULT" />
37-->src\main\AndroidManifest.xml:34:17-76
37-->src\main\AndroidManifest.xml:34:27-73
38            </intent-filter>
39        </activity>
40        <activity
40-->src\main\AndroidManifest.xml:37:9-46:20
41            android:name="com.plcg.miscuentas.NuevoIngresoPuntual"
41-->src\main\AndroidManifest.xml:38:13-47
42            android:label="@string/nuevo_ingreso_puntual"
42-->src\main\AndroidManifest.xml:39:13-58
43            android:theme="@android:style/Theme.Dialog" >
43-->src\main\AndroidManifest.xml:40:13-56
44            <intent-filter>
44-->src\main\AndroidManifest.xml:41:13-45:29
45                <action android:name="com.plcg.NuevoIngresoPuntual" />
45-->src\main\AndroidManifest.xml:42:17-71
45-->src\main\AndroidManifest.xml:42:25-68
46
47                <category android:name="android.intent.category.DEFAULT" />
47-->src\main\AndroidManifest.xml:34:17-76
47-->src\main\AndroidManifest.xml:34:27-73
48            </intent-filter>
49        </activity>
50        <activity
50-->src\main\AndroidManifest.xml:47:9-56:20
51            android:name="com.plcg.miscuentas.NuevoIngresoFijo"
51-->src\main\AndroidManifest.xml:48:13-44
52            android:label="@string/nuevo_ingreso_fijo"
52-->src\main\AndroidManifest.xml:49:13-55
53            android:theme="@android:style/Theme.Dialog" >
53-->src\main\AndroidManifest.xml:50:13-56
54            <intent-filter>
54-->src\main\AndroidManifest.xml:51:13-55:29
55                <action android:name="com.plcg.NuevoIngresoFijo" />
55-->src\main\AndroidManifest.xml:52:17-68
55-->src\main\AndroidManifest.xml:52:25-65
56
57                <category android:name="android.intent.category.DEFAULT" />
57-->src\main\AndroidManifest.xml:34:17-76
57-->src\main\AndroidManifest.xml:34:27-73
58            </intent-filter>
59        </activity>
60        <activity
60-->src\main\AndroidManifest.xml:57:10-66:20
61            android:name="com.plcg.miscuentas.NuevoGastoFijo"
61-->src\main\AndroidManifest.xml:58:13-42
62            android:label="@string/nuevo_gasto_fijo"
62-->src\main\AndroidManifest.xml:59:13-53
63            android:theme="@android:style/Theme.Dialog" >
63-->src\main\AndroidManifest.xml:60:13-56
64            <intent-filter>
64-->src\main\AndroidManifest.xml:61:13-65:29
65                <action android:name="com.plcg.NuevoGastoFijo" />
65-->src\main\AndroidManifest.xml:62:17-66
65-->src\main\AndroidManifest.xml:62:25-63
66
67                <category android:name="android.intent.category.DEFAULT" />
67-->src\main\AndroidManifest.xml:34:17-76
67-->src\main\AndroidManifest.xml:34:27-73
68            </intent-filter>
69        </activity>
70        <activity
70-->src\main\AndroidManifest.xml:67:9-75:20
71            android:name="com.plcg.miscuentas.EliminarFijos"
71-->src\main\AndroidManifest.xml:68:13-41
72            android:label="@string/eliminar_fijos" >
72-->src\main\AndroidManifest.xml:69:13-51
73            <intent-filter>
73-->src\main\AndroidManifest.xml:70:13-74:29
74                <action android:name="com.plcg.EliminarFijos" />
74-->src\main\AndroidManifest.xml:71:17-65
74-->src\main\AndroidManifest.xml:71:25-62
75
76                <category android:name="android.intent.category.DEFAULT" />
76-->src\main\AndroidManifest.xml:34:17-76
76-->src\main\AndroidManifest.xml:34:27-73
77            </intent-filter>
78        </activity>
79        <activity
79-->src\main\AndroidManifest.xml:76:9-84:20
80            android:name="com.plcg.miscuentas.EliminarPuntuales"
80-->src\main\AndroidManifest.xml:77:13-45
81            android:label="@string/eliminar_puntuales" >
81-->src\main\AndroidManifest.xml:78:13-55
82            <intent-filter>
82-->src\main\AndroidManifest.xml:79:13-83:29
83                <action android:name="com.plcg.EliminarPuntuales" />
83-->src\main\AndroidManifest.xml:80:17-69
83-->src\main\AndroidManifest.xml:80:25-66
84
85                <category android:name="android.intent.category.DEFAULT" />
85-->src\main\AndroidManifest.xml:34:17-76
85-->src\main\AndroidManifest.xml:34:27-73
86            </intent-filter>
87        </activity>
88        <activity
88-->src\main\AndroidManifest.xml:85:9-94:20
89            android:name="com.plcg.miscuentas.EstadisticasOpciones"
89-->src\main\AndroidManifest.xml:86:13-48
90            android:label="@string/introduce_una_contrasenia"
90-->src\main\AndroidManifest.xml:87:13-62
91            android:theme="@android:style/Theme.Dialog" >
91-->src\main\AndroidManifest.xml:88:13-56
92            <intent-filter>
92-->src\main\AndroidManifest.xml:89:13-93:29
93                <action android:name="com.plcg.EstadisticasOpciones" />
93-->src\main\AndroidManifest.xml:90:17-72
93-->src\main\AndroidManifest.xml:90:25-69
94
95                <category android:name="android.intent.category.DEFAULT" />
95-->src\main\AndroidManifest.xml:34:17-76
95-->src\main\AndroidManifest.xml:34:27-73
96            </intent-filter>
97        </activity>
98        <activity
98-->src\main\AndroidManifest.xml:96:10-104:20
99            android:name="com.plcg.miscuentas.Estadisticas"
99-->src\main\AndroidManifest.xml:97:13-40
100            android:label="@string/estadisticas" >
100-->src\main\AndroidManifest.xml:98:13-49
101            <intent-filter>
101-->src\main\AndroidManifest.xml:99:13-103:29
102                <action android:name="com.plcg.Estadisticas" />
102-->src\main\AndroidManifest.xml:100:17-64
102-->src\main\AndroidManifest.xml:100:25-61
103
104                <category android:name="android.intent.category.DEFAULT" />
104-->src\main\AndroidManifest.xml:34:17-76
104-->src\main\AndroidManifest.xml:34:27-73
105            </intent-filter>
106        </activity>
107        <activity
107-->src\main\AndroidManifest.xml:106:9-114:20
108            android:name="com.plcg.miscuentas.GraficaDelMes"
108-->src\main\AndroidManifest.xml:107:13-41
109            android:label="@string/grafica_del_mes" >
109-->src\main\AndroidManifest.xml:108:13-52
110            <intent-filter>
110-->src\main\AndroidManifest.xml:109:13-113:29
111                <action android:name="com.plcg.GraficaDelMes" />
111-->src\main\AndroidManifest.xml:110:17-65
111-->src\main\AndroidManifest.xml:110:25-62
112
113                <category android:name="android.intent.category.DEFAULT" />
113-->src\main\AndroidManifest.xml:34:17-76
113-->src\main\AndroidManifest.xml:34:27-73
114            </intent-filter>
115        </activity>
116        <activity
116-->src\main\AndroidManifest.xml:115:9-123:20
117            android:name="com.plcg.miscuentas.DesgloseDeMes"
117-->src\main\AndroidManifest.xml:116:13-41
118            android:label="@string/desglose_del_mes" >
118-->src\main\AndroidManifest.xml:117:13-53
119            <intent-filter>
119-->src\main\AndroidManifest.xml:118:13-122:29
120                <action android:name="com.plcg.DesgloseDeMes" />
120-->src\main\AndroidManifest.xml:119:17-65
120-->src\main\AndroidManifest.xml:119:25-62
121
122                <category android:name="android.intent.category.DEFAULT" />
122-->src\main\AndroidManifest.xml:34:17-76
122-->src\main\AndroidManifest.xml:34:27-73
123            </intent-filter>
124        </activity>
125        <activity
125-->src\main\AndroidManifest.xml:125:9-133:20
126            android:name="com.plcg.miscuentas.EstadisticaOpciones"
126-->src\main\AndroidManifest.xml:126:13-47
127            android:label="@string/opciones" >
127-->src\main\AndroidManifest.xml:127:13-45
128            <intent-filter>
128-->src\main\AndroidManifest.xml:128:13-132:29
129                <action android:name="com.plcg.EstadisticaOpciones" />
129-->src\main\AndroidManifest.xml:129:17-71
129-->src\main\AndroidManifest.xml:129:25-68
130
131                <category android:name="android.intent.category.DEFAULT" />
131-->src\main\AndroidManifest.xml:34:17-76
131-->src\main\AndroidManifest.xml:34:27-73
132            </intent-filter>
133        </activity>
134        <activity
134-->src\main\AndroidManifest.xml:135:9-143:20
135            android:name="com.plcg.miscuentas.EstadisticaAnual"
135-->src\main\AndroidManifest.xml:136:13-44
136            android:label="@string/estadistica_anual" >
136-->src\main\AndroidManifest.xml:137:13-54
137            <intent-filter>
137-->src\main\AndroidManifest.xml:138:13-142:29
138                <action android:name="com.plcg.EstadisticaAnual" />
138-->src\main\AndroidManifest.xml:139:17-68
138-->src\main\AndroidManifest.xml:139:25-65
139
140                <category android:name="android.intent.category.DEFAULT" />
140-->src\main\AndroidManifest.xml:34:17-76
140-->src\main\AndroidManifest.xml:34:27-73
141            </intent-filter>
142        </activity>
143        <activity
143-->src\main\AndroidManifest.xml:145:9-154:20
144            android:name="com.plcg.miscuentas.DesgloseDeDia"
144-->src\main\AndroidManifest.xml:146:13-41
145            android:label="@string/desglose_de_dia"
145-->src\main\AndroidManifest.xml:147:14-53
146            android:theme="@android:style/Theme.Dialog" >
146-->src\main\AndroidManifest.xml:148:13-56
147            <intent-filter>
147-->src\main\AndroidManifest.xml:149:13-153:29
148                <action android:name="com.plcg.DesgloseDeDia" />
148-->src\main\AndroidManifest.xml:150:17-65
148-->src\main\AndroidManifest.xml:150:25-62
149
150                <category android:name="android.intent.category.DEFAULT" />
150-->src\main\AndroidManifest.xml:34:17-76
150-->src\main\AndroidManifest.xml:34:27-73
151            </intent-filter>
152        </activity>
153        <activity
153-->src\main\AndroidManifest.xml:156:8-165:20
154            android:name="com.plcg.miscuentas.EstadisticaDeUnTipoGasto"
154-->src\main\AndroidManifest.xml:157:13-52
155            android:label="@string/tipo_de_gasto"
155-->src\main\AndroidManifest.xml:158:13-50
156            android:theme="@android:style/Theme.Dialog" >
156-->src\main\AndroidManifest.xml:159:13-56
157            <intent-filter>
157-->src\main\AndroidManifest.xml:149:13-153:29
158                <action android:name="com.plcg.DesgloseDeDia" />
158-->src\main\AndroidManifest.xml:150:17-65
158-->src\main\AndroidManifest.xml:150:25-62
159
160                <category android:name="android.intent.category.DEFAULT" />
160-->src\main\AndroidManifest.xml:34:17-76
160-->src\main\AndroidManifest.xml:34:27-73
161            </intent-filter>
162        </activity>
163        <activity
163-->src\main\AndroidManifest.xml:167:9-175:20
164            android:name="com.plcg.miscuentas.EstadisticaMensual"
164-->src\main\AndroidManifest.xml:168:13-46
165            android:label="@string/estadistica_mensual" >
165-->src\main\AndroidManifest.xml:169:13-56
166            <intent-filter>
166-->src\main\AndroidManifest.xml:170:13-174:29
167                <action android:name="com.plcg.EstadisticaMensual" />
167-->src\main\AndroidManifest.xml:171:17-70
167-->src\main\AndroidManifest.xml:171:25-67
168
169                <category android:name="android.intent.category.DEFAULT" />
169-->src\main\AndroidManifest.xml:34:17-76
169-->src\main\AndroidManifest.xml:34:27-73
170            </intent-filter>
171        </activity>
172        <activity
172-->src\main\AndroidManifest.xml:177:9-186:20
173            android:name="com.plcg.miscuentas.EstadisticaDeUnTipoGastoMes"
173-->src\main\AndroidManifest.xml:178:13-55
174            android:label="@string/tipo_de_gasto_mes"
174-->src\main\AndroidManifest.xml:179:13-54
175            android:theme="@android:style/Theme.Dialog" >
175-->src\main\AndroidManifest.xml:180:13-56
176            <intent-filter>
176-->src\main\AndroidManifest.xml:181:13-185:29
177                <action android:name="com.plcg.EstadisticaDeUnTipoGastoMes" />
177-->src\main\AndroidManifest.xml:182:17-79
177-->src\main\AndroidManifest.xml:182:25-76
178
179                <category android:name="android.intent.category.DEFAULT" />
179-->src\main\AndroidManifest.xml:34:17-76
179-->src\main\AndroidManifest.xml:34:27-73
180            </intent-filter>
181        </activity>
182        <activity
182-->src\main\AndroidManifest.xml:188:9-197:20
183            android:name="com.plcg.miscuentas.Preferencias"
183-->src\main\AndroidManifest.xml:189:13-60
184            android:label="@string/preferencias"
184-->src\main\AndroidManifest.xml:190:13-49
185            android:parentActivityName="com.plcg.MisCuentas" >
185-->src\main\AndroidManifest.xml:191:13-61
186            <intent-filter>
186-->src\main\AndroidManifest.xml:192:13-196:29
187                <action android:name="com.plcg.miscuentas.Preferencias" />
187-->src\main\AndroidManifest.xml:193:17-75
187-->src\main\AndroidManifest.xml:193:25-72
188
189                <category android:name="android.intent.category.DEFAULT" />
189-->src\main\AndroidManifest.xml:34:17-76
189-->src\main\AndroidManifest.xml:34:27-73
190            </intent-filter>
191        </activity>
192        <activity android:name="org.achartengine.GraphicalActivity" />
192-->src\main\AndroidManifest.xml:199:9-81
192-->src\main\AndroidManifest.xml:199:19-68
193    </application>
194
195</manifest>